proguard/seeds.txt
com.android.abutton.ApplicationEx
com.android.abutton.ApplicationEx: ApplicationEx()
com.android.abutton.AutoSMS
com.android.abutton.AutoSMS: AutoSMS()
com.android.abutton.LockScreenReceiver
com.android.abutton.MainActivity
com.android.abutton.MainActivity: MainActivity()
com.android.abutton.NetworkConnectChangedReceiver
com.android.abutton.NetworkConnectChangedReceiver: NetworkConnectChangedReceiver()
com.android.abutton.NewStarService
com.android.abutton.NewStarService: NewStarService()
com.android.abutton.PackageAddRemReceiver
com.android.abutton.PackageAddRemReceiver: PackageAddRemReceiver()
com.android.abutton.PhoneReceiver
com.android.abutton.PhoneReceiver: PhoneReceiver()
com.android.abutton.SystemReceiver
com.android.abutton.SystemReceiver: SystemReceiver()
...
android.support.v4.app.BackStackState
android.support.v4.app.BackStackState: android.os.Parcelable$Creator CREATOR
android.support.v4.app.Fragment$SavedState
android.support.v4.app.Fragment$SavedState: android.os.Parcelable$Creator CREATOR
android.support.v4.app.FragmentActivity
android.support.v4.app.FragmentManagerState
android.support.v4.app.FragmentManagerState: android.os.Parcelable$Creator CREATOR
android.support.v4.app.FragmentState
android.support.v4.app.FragmentState: android.os.Parcelable$Creator CREATOR
android.support.v4.app.FragmentTabHost
android.support.v4.app.FragmentTabHost: FragmentTabHost(android.content.Context,android.util.AttributeSet)
android.support.v4.app.FragmentTabHost$SavedState
android.support.v4.app.FragmentTabHost$SavedState: android.os.Parcelable$Creator CREATOR
android.support.v4.content.FileProvider
android.support.v4.content.ModernAsyncTask$Status: android.support.v4.content.ModernAsyncTask$Status[] values()
android.support.v4.content.ModernAsyncTask$Status: android.support.v4.content.ModernAsyncTask$Status valueOf(java.lang.String)
android.support.v4.view.PagerTabStrip
android.support.v4.view.PagerTabStrip: PagerTabStrip(android.content.Context,android.util.AttributeSet)
android.support.v4.view.PagerTitleStrip
android.support.v4.view.PagerTitleStrip: PagerTitleStrip(android.content.Context,android.util.AttributeSet)
android.support.v4.view.ViewPager
android.support.v4.view.ViewPager: ViewPager(android.content.Context,android.util.AttributeSet)
android.support.v4.view.ViewPager$LayoutParams
android.support.v4.view.ViewPager$LayoutParams: ViewPager$LayoutParams(android.content.Context,android.util.AttributeSet)
android.support.v4.view.ViewPager$SavedState
android.support.v4.view.ViewPager$SavedState: android.os.Parcelable$Creator CREATOR
android.support.v4.widget.DrawerLayout
android.support.v4.widget.DrawerLayout: DrawerLayout(android.content.Context,android.util.AttributeSet)
android.support.v4.widget.DrawerLayout: DrawerLayout(android.content.Context,android.util.AttributeSet,int)
android.support.v4.widget.DrawerLayout$LayoutParams
android.support.v4.widget.DrawerLayout$LayoutParams: DrawerLayout$LayoutParams(android.content.Context,android.util.AttributeSet)
android.support.v4.widget.DrawerLayout$SavedState
android.support.v4.widget.DrawerLayout$SavedState: android.os.Parcelable$Creator CREATOR
android.support.v4.widget.SlidingPaneLayout
android.support.v4.widget.SlidingPaneLayout: SlidingPaneLayout(android.content.Context,android.util.AttributeSet)
android.support.v4.widget.SlidingPaneLayout: SlidingPaneLayout(android.content.Context,android.util.AttributeSet,int)
android.support.v4.widget.SlidingPaneLayout$LayoutParams
android.support.v4.widget.SlidingPaneLayout$LayoutParams: SlidingPaneLayout$LayoutParams(android.content.Context,android.util.AttributeSet)
android.support.v4.widget.SlidingPaneLayout$SavedState
android.support.v4.widget.SlidingPaneLayout$SavedState: android.os.Parcelable$Creator CREATOR
com.alibaba.fastjson.parser.Feature: com.alibaba.fastjson.parser.Feature[] values()
com.alibaba.fastjson.parser.Feature: com.alibaba.fastjson.parser.Feature valueOf(java.lang.String)
com.alibaba.fastjson.serializer.SerializerFeature: com.alibaba.fastjson.serializer.SerializerFeature[] values()
com.alibaba.fastjson.serializer.SerializerFeature: com.alibaba.fastjson.serializer.SerializerFeature valueOf(java.lang.String)
com.baidu.location.BDLocation
com.baidu.location.BDLocation: android.os.Parcelable$Creator CREATOR
com.baidu.location.Jni
com.baidu.location.Jni: java.lang.String a(byte[],int)
com.baidu.location.Jni: java.lang.String b(double,double,int,int)
com.baidu.location.Jni: java.lang.String c(byte[],int)
com.baidu.location.aq$c
com.baidu.location.f
com.baidu.location.f: f()
com.baidu.location.h$a
com.baidu.location.u$b