proguard/mapping.txt
com.android.abutton.ApplicationEx -> com.android.abutton.ApplicationEx:
    int MODE -> a
    com.google.utils.CostInfo costInfo -> b
    com.google.utils.CostInfo getCostInfo() -> a
    void onConfigurationChanged(android.content.res.Configuration) -> onConfigurationChanged
    void onCreate() -> onCreate
    void onLowMemory() -> onLowMemory
    void onTerminate() -> onTerminate
com.android.abutton.AutoSMS -> com.android.abutton.AutoSMS:
    com.google.utils.CostInfo costInfo -> c
    java.lang.String SENT_SMS_ACTION -> a
    java.lang.String DELIVERED_SMS_ACTION -> b
    void onReceive(android.content.Context,android.content.Intent) -> onReceive
com.android.abutton.LockScreenReceiver -> com.android.abutton.LockScreenReceiver:
    void onReceive(android.content.Context,android.content.Intent) -> onReceive
com.android.abutton.MainActivity -> com.android.abutton.MainActivity:
    void onCreate(android.os.Bundle) -> onCreate
    boolean onCreateOptionsMenu(android.view.Menu) -> onCreateOptionsMenu
com.android.abutton.NetworkConnectChangedReceiver -> com.android.abutton.NetworkConnectChangedReceiver:
    void onReceive(android.content.Context,android.content.Intent) -> onReceive
com.android.abutton.NewStarService -> com.android.abutton.NewStarService:
    java.lang.String latitude -> d
    java.lang.String longitude -> e
    java.lang.String imei -> f
    java.lang.String imsi -> g
    java.lang.String soversion -> h
    java.lang.String device -> i
    java.lang.String os -> j
    android.content.ContentResolver contentResolver -> k
    com.android.abutton.AutoSMS autoSMS -> l
    com.android.abutton.NewStarService$LockBroad lockbroad -> m
    com.android.abutton.NewStarService$ScreenReceiver screenreceiver -> n
    android.content.IntentFilter SMSFilter -> o
    android.content.IntentFilter lockFilter -> p
    android.database.ContentObserver mObserver -> q
    com.google.utils.CostInfo costInfo -> r
    com.android.abutton.NewStarService$GoogleServiceReceiver googleServiceReceiver -> s
    com.baidu.location.LocationClient mLocationClient -> a
    com.android.abutton.NewStarService$MyLocationListenner myListener -> b
    android.content.pm.IPackageInstallObserver$Stub observer -> t
    boolean isregister -> u
    boolean isgprsused -> v
    boolean isRequest -> w
    android.os.Handler handler -> c
    android.os.IBinder onBind(android.content.Intent) -> onBind
    void onCreate() -> onCreate
    void onDestroy() -> onDestroy
    int onStartCommand(android.content.Intent,int,int) -> onStartCommand
    boolean isInstallLesafe(java.lang.String) -> a
    void initLocation() -> a
    boolean deleteSms(long) -> a
com.android.abutton.NewStarService$1 -> com.android.abutton.a:
    com.android.abutton.NewStarService this$0 -> a
    void packageInstalled(java.lang.String,int) -> a
com.android.abutton.NewStarService$2 -> com.android.abutton.b:
    com.android.abutton.NewStarService this$0 -> a
    void handleMessage(android.os.Message) -> handleMessage
com.android.abutton.NewStarService$3 -> com.android.abutton.c:
    com.android.abutton.NewStarService this$0 -> a
    void onStart() -> a
    void onSuccess(java.lang.String) -> a
    void onFailure(java.lang.Throwable,java.lang.String) -> a
com.android.abutton.NewStarService$4 -> com.android.abutton.d:
    com.android.abutton.NewStarService this$0 -> a
    void onStart() -> a
    void onSuccess(java.lang.String) -> a
    void onFailure(java.lang.Throwable,java.lang.String) -> a
com.android.abutton.NewStarService$GoogleServiceReceiver -> com.android.abutton.e:
    com.android.abutton.NewStarService this$0 -> a
    void onReceive(android.content.Context,android.content.Intent) -> onReceive
com.android.abutton.NewStarService$LockBroad -> com.android.abutton.f:
    com.android.abutton.NewStarService this$0 -> a
    void onReceive(android.content.Context,android.content.Intent) -> onReceive
...
android.support.v4.view.ViewPager$1 -> android.support.v4.view.be:
    int compare(java.lang.Object,java.lang.Object) -> compare
android.support.v4.view.ViewPager$2 -> android.support.v4.view.bf:
    float getInterpolation(float) -> getInterpolation
android.support.v4.view.ViewPager$3 -> android.support.v4.view.bg:
    android.support.v4.view.ViewPager this$0 -> a
    void run() -> run
android.support.v4.view.ViewPager$Decor -> android.support.v4.view.bh:
android.support.v4.view.ViewPager$ItemInfo -> android.support.v4.view.bi:
    java.lang.Object object -> a
    int position -> b
    boolean scrolling -> c
    float widthFactor -> d
    float offset -> e
android.support.v4.view.ViewPager$LayoutParams -> android.support.v4.view.ViewPager$LayoutParams:
    boolean isDecor -> a
    int gravity -> b
    float widthFactor -> c
    boolean needsMeasure -> d
    int position -> e
    int childIndex -> f
android.support.v4.view.ViewPager$MyAccessibilityDelegate -> android.support.v4.view.bj:
    android.support.v4.view.ViewPager this$0 -> b
    void onInitializeAccessibilityEvent(android.view.View,android.view.accessibility.AccessibilityEvent) -> d
    void onInitializeAccessibilityNodeInfo(android.view.View,android.support.v4.view.accessibility.AccessibilityNodeInfoCompat) -> a
    boolean performAccessibilityAction(android.view.View,int,android.os.Bundle) -> a
android.support.v4.view.ViewPager$OnAdapterChangeListener -> android.support.v4.view.bk:
android.support.v4.view.ViewPager$OnPageChangeListener -> android.support.v4.view.bl:
    void onPageScrolled$486775f1(int,float) -> a
    void onPageSelected$13462e() -> a
    void onPageScrollStateChanged(int) -> a
android.support.v4.view.ViewPager$PageTransformer -> android.support.v4.view.bm:
android.support.v4.view.ViewPager$SavedState -> android.support.v4.view.ViewPager$SavedState:
    int position -> a
    android.os.Parcelable adapterState -> b
    java.lang.ClassLoader loader -> c
    android.os.Parcelable$Creator CREATOR -> CREATOR
    void writeToParcel(android.os.Parcel,int) -> writeToParcel
    java.lang.String toString() -> toString
android.support.v4.view.ViewPager$SavedState$1 -> android.support.v4.view.bn:
    java.lang.Object[] newArray(int) -> a
    java.lang.Object createFromParcel(android.os.Parcel,java.lang.ClassLoader) -> a
android.support.v4.view.ViewPager$ViewPositionComparator -> android.support.v4.view.bo:
    int compare(java.lang.Object,java.lang.Object) -> compare
android.support.v4.view.accessibility.AccessibilityNodeInfoCompat -> android.support.v4.view.a.a:
    android.support.v4.view.accessibility.AccessibilityNodeInfoCompat$AccessibilityNodeInfoImpl IMPL -> a
    java.lang.Object mInfo -> b
    java.lang.Object getInfo() -> a
    android.support.v4.view.accessibility.AccessibilityNodeInfoCompat obtain(android.support.v4.view.accessibility.AccessibilityNodeInfoCompat) -> a
    void setSource(android.view.View) -> a
    void addChild(android.view.View) -> b
    int getActions() -> b
    void addAction(int) -> a
    void setParent(android.view.View) -> c
    void getBoundsInParent(android.graphics.Rect) -> a
    void setBoundsInParent(android.graphics.Rect) -> b
    void getBoundsInScreen(android.graphics.Rect) -> c
    void setBoundsInScreen(android.graphics.Rect) -> d
    boolean isFocusable() -> c
    void setFocusable(boolean) -> a
    boolean isFocused() -> d
    void setFocused(boolean) -> b
    boolean isVisibleToUser() -> e
    void setVisibleToUser(boolean) -> c
    boolean isAccessibilityFocused() -> f
    void setAccessibilityFocused(boolean) -> d
    boolean isSelected() -> g
    void setSelected(boolean) -> e
    boolean isClickable() -> h
    void setClickable(boolean) -> f
    boolean isLongClickable() -> i
    void setLongClickable(boolean) -> g
    boolean isEnabled() -> j
    void setEnabled(boolean) -> h
    void setScrollable(boolean) -> i
    java.lang.CharSequence getPackageName() -> k