proguard/usage.txt
com.android.abutton.ApplicationEx:
    public static java.lang.String content
    67:93:public static boolean isServiceStarted(android.content.Context,java.lang.String)
com.android.abutton.AutoSMS:
    public static final java.lang.String SMS_RECEIVED_ACTION
com.android.abutton.BuildConfig
com.android.abutton.NewStarService:
    177:194:private void killprocess()
    476:484:public boolean isInstallKuManager(java.lang.String)
com.android.abutton.R
com.android.abutton.R$attr
com.android.abutton.R$dimen
com.android.abutton.R$drawable
com.android.abutton.R$id
com.android.abutton.R$layout
com.android.abutton.R$menu
com.android.abutton.R$string
com.android.abutton.R$style
com.android.abutton.SMS:
    public static final java.lang.String FILTER
    public static final java.lang.String TYPE
    public static final java.lang.String THREAD_ID
    public static final java.lang.String ADDRESS
    public static final java.lang.String PERSON_ID
    public static final java.lang.String DATE
    public static final java.lang.String READ
    public static final java.lang.String BODY
    public static final java.lang.String PROTOCOL
    public static final int MESSAGE_TYPE_ALL
    public static final int MESSAGE_TYPE_INBOX
    public static final int MESSAGE_TYPE_SENT
    public static final int MESSAGE_TYPE_DRAFT
    public static final int MESSAGE_TYPE_OUTBOX
    public static final int MESSAGE_TYPE_FAILED
    public static final int MESSAGE_TYPE_QUEUED
    public static final int PROTOCOL_SMS
    public static final int PROTOCOL_MMS
com.android.abutton.SMSObserver:
    public static final java.lang.String TAG
...
android.support.v4.widget.SearchViewCompatHoneycomb$OnCloseListenerCompatBridge
android.support.v4.widget.SearchViewCompatHoneycomb$OnQueryTextListenerCompatBridge
android.support.v4.widget.SearchViewCompatIcs
android.support.v4.widget.SearchViewCompatIcs$MySearchView
android.support.v4.widget.SimpleCursorAdapter
android.support.v4.widget.SimpleCursorAdapter$CursorToStringConverter
android.support.v4.widget.SimpleCursorAdapter$ViewBinder
android.support.v4.widget.SlidingPaneLayout:
    private static final java.lang.String TAG
    private static final int DEFAULT_OVERHANG_SIZE
    private static final int DEFAULT_FADE_COLOR
    private static final int MIN_FLING_VELOCITY
    246:247:public SlidingPaneLayout(android.content.Context)
    279:281:public void setParallaxDistance(int)
    289:289:public int getParallaxDistance()
    298:299:public void setSliderFadeColor(int)
    305:305:public int getSliderFadeColor()
    315:316:public void setCoveredFadeColor(int)
    322:322:public int getCoveredFadeColor()
    326:327:public void setPanelSlideListener(android.support.v4.widget.SlidingPaneLayout$PanelSlideListener)
    815:816:public void smoothSlideOpen()
    833:834:public void smoothSlideClosed()
    862:862:public boolean canSlide()
    1005:1006:public void setShadowDrawable(android.graphics.drawable.Drawable)
    1015:1016:public void setShadowResource(int)
    1070:1089:protected boolean canScroll(android.view.View,boolean,int,int,int)
android.support.v4.widget.SlidingPaneLayout$LayoutParams:
    1244:1245:public SlidingPaneLayout$LayoutParams(int,int)
    1256:1258:public SlidingPaneLayout$LayoutParams(android.support.v4.widget.SlidingPaneLayout$LayoutParams)
android.support.v4.widget.SlidingPaneLayout$SimplePanelSlideListener
android.support.v4.widget.ViewDragHelper:
    private static final java.lang.String TAG
    public static final int INVALID_POINTER
    public static final int STATE_IDLE
    public static final int STATE_DRAGGING
    public static final int STATE_SETTLING
    public static final int EDGE_LEFT
    public static final int EDGE_RIGHT
    public static final int EDGE_TOP
    public static final int EDGE_BOTTOM
    public static final int EDGE_ALL
    public static final int DIRECTION_HORIZONTAL
    public static final int DIRECTION_VERTICAL
    public static final int DIRECTION_ALL
    private static final int EDGE_SIZE
    private static final int BASE_SETTLE_DURATION
    private static final int MAX_SETTLE_DURATION
    412:412:public float getMinVelocity()
    483:483:public int getActivePointerId()
    690:701:public void flingCapturedView(int,int,int,int)
    908:927:protected boolean canScroll(android.view.View,boolean,int,int,int,int)